<?xml version="1.0" encoding="utf-8"?><testsuites><testsuite name="pytest" errors="0" failures="4" skipped="2" tests="453" time="50853.400" timestamp="2026-01-21T16:15:07.568084" hostname="LAPTOP-MGL2VFEC"><testcase classname="tests.non_functional.test_security" name="test_default_llmm_api" time="14.778" /><testcase classname="tests.scenarios.test_advertisement_scenarios.TestAdvertisementScenarios" name="test_ad_evaluation_scenario" time="74.982" /><testcase classname="tests.scenarios.test_advertisement_scenarios.TestAdvertisementScenarios" name="test_ad_creation_scenario" time="198.272" /><testcase classname="tests.scenarios.test_advertisement_scenarios.TestAdvertisementScenarios" name="test_consumer_profiling_scenario" time="3498.311" /><testcase classname="tests.scenarios.test_basic_scenarios.TestBasicScenarios" name="test_basic_scenario_1" time="24.405" /><testcase classname="tests.scenarios.test_basic_scenarios.TestBasicScenarios" name="test_tool_usage_1" time="110.874" /><testcase classname="tests.scenarios.test_brainstorming_scenarios.TestBrainstormingScenarios" name="test_brainstorming_scenario" time="128.766" /><testcase classname="tests.scenarios.test_extended_scenarios.TestExtendedScenarios" name="test_story_telling_scenario" time="464.176" /><testcase classname="tests.scenarios.test_extended_scenarios.TestExtendedScenarios" name="test_synthetic_conversation_generation" time="376.845" /><testcase classname="tests.scenarios.test_extended_scenarios.TestExtendedScenarios" name="test_product_market_research_scenario" time="495.476" /><testcase classname="tests.scenarios.test_extended_scenarios.TestExtendedScenarios" name="test_political_opinion_polling_scenario" time="493.487"><failure message="AssertionError: Should show political diversity&#10;assert False&#10; +  where False = proposition_holds(&quot;The following represents diverse political perspectives on universal basic income: [{'stance': 'mixed', 'reasoning': ...es, clear funding (progressive taxes or repurposed subsidies), and well‑funded pilots to test and scale what works.'}]&quot;)">self = &lt;test_extended_scenarios.TestExtendedScenarios object at 0x000001CD8F138FA0&gt;, setup = None

    def test_political_opinion_polling_scenario(self, setup):
        """
        Test agents expressing political opinions on policy issues.
        Based on Political Compass notebook but simplified and focusing on policy discussion.
        """
        control.reset()
    
        # Create agents with different political leanings
        factory = TinyPersonFactory("American voters with diverse political perspectives.")
    
        conservative = factory.generate_person(
            "A conservative-leaning voter concerned about traditional values and fiscal responsibility."
        )
        liberal = factory.generate_person(
            "A liberal-leaning voter focused on social justice and environmental issues."
        )
        moderate = factory.generate_person(
            "A moderate voter who considers multiple perspectives on issues."
        )
    
        # Test policy opinion
        policy_question = """
        What is your opinion on implementing a universal basic income program?
        Please share your perspective considering economic impacts, social benefits, and practical concerns.
        Keep your response brief but thoughtful.
        """
    
        agents = [conservative, liberal, moderate]
        extractor = ResultsExtractor()
        opinions = []
    
        for agent in agents:
            agent.listen_and_act(policy_question)
    
            opinion = extractor.extract_results_from_agent(
                agent,
                extraction_objective="Extract the agent's opinion on universal basic income",
                situation="Political opinion polling on policy issues",
                fields=["stance", "reasoning"],
                fields_hints={"stance": "Overall position (support/oppose/mixed)"},
            )
            opinions.append(opinion)
    
        # Verify political discourse quality
        assert len(opinions) == 3, "Should have 3 political opinions"
&gt;       assert proposition_holds(
            f"The following represents diverse political perspectives on universal basic income: {opinions}"
        ), "Should show political diversity"
E       AssertionError: Should show political diversity
E       assert False
E        +  where False = proposition_holds("The following represents diverse political perspectives on universal basic income: [{'stance': 'mixed', 'reasoning': ...es, clear funding (progressive taxes or repurposed subsidies), and well‑funded pilots to test and scale what works.'}]")

tests\scenarios\test_extended_scenarios.py:235: AssertionError</failure></testcase><testcase classname="tests.scenarios.test_extended_scenarios.TestExtendedScenarios" name="test_multi_agent_problem_solving_scenario" time="293.270" /><testcase classname="tests.unit.test_action_generator" name="test_action_generator_initialization" time="0.005" /><testcase classname="tests.unit.test_action_generator" name="test_action_generator_with_agent" time="30.301" /><testcase classname="tests.unit.test_action_generator" name="test_action_generator_quality_checks" time="117.164" /><testcase classname="tests.unit.test_action_generator" name="test_action_generator_regeneration" time="145.897" /><testcase classname="tests.unit.test_action_generator" name="test_action_generator_serialization" time="0.009" /><testcase classname="tests.unit.test_action_generator" name="test_action_generator_error_handling" time="335.427" /><testcase classname="tests.unit.test_action_generator" name="test_action_generator_different_configurations" time="562.485" /><testcase classname="tests.unit.test_action_generator" name="test_action_generator_persona_adherence_correction" time="173.129" /><testcase classname="tests.unit.test_action_generator" name="test_action_generator_self_consistency_correction" time="256.583" /><testcase classname="tests.unit.test_action_generator" name="test_action_generator_direct_correction_mechanism" time="528.010" /><testcase classname="tests.unit.test_action_generator" name="test_comprehensive_stress_1_persona_violation" time="11.385" /><testcase classname="tests.unit.test_action_generator" name="test_comprehensive_stress_2_self_consistency_violation" time="21.920" /><testcase classname="tests.unit.test_action_generator" name="test_comprehensive_stress_3_fluency_violation" time="11.200" /><testcase classname="tests.unit.test_action_generator" name="test_comprehensive_stress_4_similarity_violation" time="21.465" /><testcase classname="tests.unit.test_action_generator" name="test_comprehensive_stress_5_multi_violation" time="26.106" /><testcase classname="tests.unit.test_action_generator" name="test_action_generator_comprehensive_correction_stress_test" time="112.801" /><testcase classname="tests.unit.test_action_generator" name="test_action_generator_correction_mechanisms_comparison" time="1425.628" /><testcase classname="tests.unit.test_api_cache.TestOpenAIClientCache" name="test_save_cache_creates_file" time="0.065" /><testcase classname="tests.unit.test_api_cache.TestOpenAIClientCache" name="test_load_cache_reads_file" time="0.058" /><testcase classname="tests.unit.test_api_cache.TestOpenAIClientCache" name="test_load_cache_returns_empty_dict_for_nonexistent_file" time="0.004" /><testcase classname="tests.unit.test_api_cache.TestOpenAIClientCache" name="test_cache_roundtrip" time="0.065" /><testcase classname="tests.unit.test_api_cache.TestOpenAIClientCache" name="test_set_api_cache_enables_caching" time="0.008" /><testcase classname="tests.unit.test_api_cache.TestOpenAIClientCache" name="test_set_api_cache_disables_caching" time="0.010" /><testcase classname="tests.unit.test_api_cache.TestOpenAIClientCache" name="test_cache_with_special_characters" time="0.075" /><testcase classname="tests.unit.test_api_cache.TestOpenAIClientCache" name="test_get_cached_response_returns_none_when_disabled" time="0.007" /><testcase classname="tests.unit.test_api_cache.TestOpenAIClientCache" name="test_get_cached_response_returns_cached_value" time="0.014"><failure message="AssertionError: assert None == {'response': 'cached_value'}">self = &lt;test_api_cache.TestOpenAIClientCache object at 0x000001CD916974F0&gt;, temp_cache_file = 'C:\\Users\\pdasilva\\AppData\\Local\\Temp\\tmpjl4_6uns.pickle'

    def test_get_cached_response_returns_cached_value(self, temp_cache_file):
        """Test that _get_cached_response returns cached value when available."""
        client = OpenAIClient(cache_api_calls=True, cache_file_name=temp_cache_file)
    
        # Add data to cache
        client.api_cache["test_key"] = {"response": "cached_value"}
    
        result = client._get_cached_response("test_key")
    
&gt;       assert result == {"response": "cached_value"}
E       AssertionError: assert None == {'response': 'cached_value'}

tests\unit\test_api_cache.py:159: AssertionError</failure></testcase><testcase classname="tests.unit.test_api_cache.TestOpenAIClientCache" name="test_get_cached_response_returns_none_for_missing_key" time="0.004" /><testcase classname="tests.unit.test_api_cache.TestOpenAIClientCache" name="test_load_cache_handles_empty_file" time="0.011" /><testcase classname="tests.unit.test_api_cache.TestOpenAIClientCache" name="test_load_cache_handles_corrupted_file" time="0.065" /><testcase classname="tests.unit.test_api_cache_integration.TestAPICacheIntegration" name="test_cache_with_default_config" time="4.512" /><testcase classname="tests.unit.test_api_cache_integration.TestAPICacheIntegration" name="test_cache_with_response_format_pydantic" time="3.219" /><testcase classname="tests.unit.test_config" name="test_read_config_file_default" time="0.007" /><testcase classname="tests.unit.test_config" name="test_read_config_file_cache_behavior" time="0.184" /><testcase classname="tests.unit.test_config" name="test_read_config_file_without_cache" time="0.065" /><testcase classname="tests.unit.test_config" name="test_read_config_file_not_found" time="0.022" /><testcase classname="tests.unit.test_config" name="test_read_config_file_custom_override" time="0.026" /><testcase classname="tests.unit.test_config" name="test_config_module_global_variable" time="0.019" /><testcase classname="tests.unit.test_config" name="test_config_verbose_output" time="0.017" /><testcase classname="tests.unit.test_config" name="test_config_path_construction" time="0.005" /><testcase classname="tests.unit.test_config" name="test_config_parser_usage" time="0.016" /><testcase classname="tests.unit.test_config" name="test_config_module_imports" time="0.004" /><testcase classname="tests.unit.test_config" name="test_config_error_handling" time="0.009" /><testcase classname="tests.unit.test_config" name="test_config_multiple_calls_consistency" time="0.015" /><testcase classname="tests.unit.test_config" name="test_config_cache_reset" time="0.016" /><testcase classname="tests.unit.test_config" name="test_config_file_path_resolution" time="0.005" /><testcase classname="tests.unit.test_config" name="test_thread_safe_logging_concurrent_access" time="0.165" /><testcase classname="tests.unit.test_config" name="test_thread_safe_file_handler_creation" time="0.043" /><testcase classname="tests.unit.test_config" name="test_logging_level_setters_thread_safety" time="0.089" /><testcase classname="tests.unit.test_config" name="test_logging_initialization_thread_safety" time="0.022" /><testcase classname="tests.unit.test_control" name="test_begin_checkpoint_end_with_agent_only" time="53.343" /><testcase classname="tests.unit.test_control" name="test_begin_checkpoint_end_with_world" time="68.175" /><testcase classname="tests.unit.test_control" name="test_begin_checkpoint_end_with_factory" time="124.014" /><testcase classname="tests.unit.test_control" name="test_begin_checkpoint_end_with_factory_multiple_people" time="406.898" /><testcase classname="tests.unit.test_control" name="test_begin_checkpoint_end_with_factory_demography" time="565.419"><failure message="AssertionError: There should be no cache misses in this test.&#10;assert 6 == 0&#10; +  where 6 = &lt;function cache_misses at 0x000001CD8ECE6B00&gt;()&#10; +    where &lt;function cache_misses at 0x000001CD8ECE6B00&gt; = control.cache_misses">setup = None

    def test_begin_checkpoint_end_with_factory_demography(setup):
        # erase the file if it exists
        remove_file_if_exists("control_test_personfactory_demography.cache.json")
    
        control.reset()
    
        def aux_simulation_to_repeat(iteration, verbose=False):
            control.reset()
    
            assert control._current_simulations["default"] is None, "There should be no simulation running at this point."
    
            control.begin("control_test_personfactory_demography.cache.json")
            assert control._current_simulations["default"].status == Simulation.STATUS_STARTED, "The simulation should be started at this point."
    
            # Additional demographic specification for more detailed sampling
            additional_demographic_specification = """
            BESIDES other dimensions inferred from the population demographic data,
            ensure these ADDITIONAL sampling dimensions are present:
              - culinary tastes: from traditional American to international cuisine
              - shopping habits: from frequent to occasional shoppers
              - health consciousness: from health-focused to indulgent
              - attitude towards new products: from open-minded to skeptical
    
            Each dimension should have at least 3 different detailed value descriptions.
            """
    
            # Use the demographic data from USA population file
            factory = TinyPersonFactory.create_factory_from_demography(
                "./examples/information/populations/usa.json",
                population_size=3,
                additional_demographic_specification=additional_demographic_specification,
                context="We are interested in experts in the production of the traditional Gazpacho soup."
            )
    
            assert control._current_simulations["default"].cached_trace is not None, "There should be a cached trace at this point."
            assert control._current_simulations["default"].execution_trace is not None, "There should be an execution trace at this point."
    
            agents = factory.generate_people(number_of_people=3, agent_particularities="Brazilian tourists who learned about Gazpaccho in a trip to Spain.")
    
            assert control._current_simulations["default"].cached_trace is not None, "There should be a cached trace at this point."
            assert control._current_simulations["default"].execution_trace is not None, "There should be an execution trace at this point."
    
            control.checkpoint()
    
            # check if the file was created
            assert os.path.exists("control_test_personfactory_demography.cache.json"), "The checkpoint file should have been created."
    
            control.end()
            assert control._current_simulations["default"].status == Simulation.STATUS_STOPPED, "The simulation should be ended at this point."
    
            if verbose:
                logger.debug(f"###################################################################################### Sim Iteration:{iteration}")
                for i, agent in enumerate(agents):
                    logger.debug(f"###################################################################################### Agent {i+1} persona configs:{agent._persona}")
    
            return agents
    
        assert control.cache_misses() == 0, "There should be no cache misses in this test."
        assert control.cache_hits() == 0, "There should be no cache hits here"
    
        # FIRST simulation ########################################################
        agents_1 = aux_simulation_to_repeat(1, verbose=True)
        assert len(agents_1) == 3, "Should have generated 3 agents"
        ages_1 = [agent.get("age") for agent in agents_1]
        nationalities_1 = [agent.get("nationality") for agent in agents_1]
        minibios_1 = [agent.minibio() for agent in agents_1]
        print("minibios_1 =", minibios_1)
    
        # SECOND simulation ########################################################
        logger.debug("&gt;&gt;&gt;&gt;&gt;&gt;&gt;&gt;&gt;&gt;&gt;&gt;&gt;&gt;&gt;&gt;&gt;&gt;&gt;&gt;&gt;&gt;&gt;&gt;&gt;&gt; Second simulation...")
        agents_2 = aux_simulation_to_repeat(2, verbose=True)
        assert len(agents_2) == 3, "Should have generated 3 agents"
        for agent in agents_2:
            print("Persona=", agent._persona)
    
        ages_2 = [agent.get("age") for agent in agents_2]
        nationalities_2 = [agent.get("nationality") for agent in agents_2]
        minibios_2 = [agent.minibio() for agent in agents_2]
        print("minibios_2 =", minibios_2)
    
&gt;       assert control.cache_misses() == 0, "There should be no cache misses in this test."
E       AssertionError: There should be no cache misses in this test.
E       assert 6 == 0
E        +  where 6 = &lt;function cache_misses at 0x000001CD8ECE6B00&gt;()
E        +    where &lt;function cache_misses at 0x000001CD8ECE6B00&gt; = control.cache_misses

tests\unit\test_control.py:336: AssertionError</failure></testcase><testcase classname="tests.unit.test_cost_tracking" name="test_openai_client_cost_tracking_methods_exist" time="0.006" /><testcase classname="tests.unit.test_cost_tracking" name="test_openai_client_get_cost_stats_structure" time="0.003" /><testcase classname="tests.unit.test_cost_tracking" name="test_openai_client_reset_cost_stats" time="0.008" /><testcase classname="tests.unit.test_cost_tracking" name="test_tinyworld_cost_tracking_methods_exist" time="0.004" /><testcase classname="tests.unit.test_cost_tracking" name="test_tinyworld_get_cost_stats_structure" time="0.006" /><testcase classname="tests.unit.test_cost_tracking" name="test_tinyworld_derivative_stats_calculation" time="0.005" /><testcase classname="tests.unit.test_cost_tracking" name="test_tinyworld_global_cost_stats_structure" time="0.004" /><testcase classname="tests.unit.test_cost_tracking" name="test_tinyperson_cost_tracking_methods_exist" time="0.005" /><testcase classname="tests.unit.test_cost_tracking" name="test_tinyperson_get_global_cost_stats_structure" time="0.005" /><testcase classname="tests.unit.test_cost_tracking" name="test_cost_tracking_with_minimal_simulation" time="17.316" /><testcase classname="tests.unit.test_cost_tracking" name="test_world_cost_tracking_with_simulation_steps" time="44.481" /><testcase classname="tests.unit.test_cost_tracking" name="test_derivative_stats_with_multiple_agents" time="29.334" /><testcase classname="tests.unit.test_cost_tracking" name="test_global_stats_aggregation" time="37.336" /><testcase classname="tests.unit.test_enrichment" name="test_enrich_content" time="77.123" /><testcase classname="tests.unit.test_experimentation" name="test_randomize" time="0.006" /><testcase classname="tests.unit.test_experimentation" name="test_derandomize" time="0.005" /><testcase classname="tests.unit.test_experimentation" name="test_derandomize_name" time="0.004" /><testcase classname="tests.unit.test_experimentation" name="test_passtrough_name" time="0.002" /><testcase classname="tests.unit.test_experimentation" name="test_proposition_with_tinyperson" time="87.913" /><testcase classname="tests.unit.test_experimentation" name="test_proposition_with_tinyperson_at_multiple_points" time="75.035" /><testcase classname="tests.unit.test_experimentation" name="test_proposition_with_tinyworld" time="121.859" /><testcase classname="tests.unit.test_experimentation" name="test_proposition_with_multiple_targets" time="82.556" /><testcase classname="tests.unit.test_experimentation" name="test_proposition_class_method" time="8.025" /><testcase classname="tests.unit.test_extraction" name="test_export_json" time="0.044" /><testcase classname="tests.unit.test_extraction" name="test_export_text" time="0.051" /><testcase classname="tests.unit.test_extraction" name="test_export_docx" time="1.873" /><testcase classname="tests.unit.test_extraction" name="test_normalizer" time="155.510" /><testcase classname="tests.unit.test_factory" name="test_generate_person" time="152.884" /><testcase classname="tests.unit.test_factory" name="test_generate_person_with_different_temperatures" time="0.008"><skipped type="pytest.skip" message="Model 'gpt-5-mini' does not support custom temperatures - test only runs for gpt-4 models">C:\Users\pdasilva\repos\TinyTroupe\tests\unit\test_factory.py:52: Model 'gpt-5-mini' does not support custom temperatures - test only runs for gpt-4 models</skipped></testcase><testcase classname="tests.unit.test_factory" name="test_generate_person_with_post_processing" time="146.564" /><testcase classname="tests.unit.test_factory" name="test_generate_people" time="1569.283" /><testcase classname="tests.unit.test_factory" name="test_generate_people_2" time="810.721" /><testcase classname="tests.unit.test_factory" name="test_generate_people_with_different_particularities" time="1156.597" /><testcase classname="tests.unit.test_factory" name="test_generate_people_with_post_processing" time="498.031" /><testcase classname="tests.unit.test_factory" name="test_create_factory_from_demography_file" time="1026.887" /><testcase classname="tests.unit.test_factory" name="test_create_factory_from_demography_dict" time="831.307" /><testcase classname="tests.unit.test_factory" name="test_multiple_factories_sequentially" time="596.061" /><testcase classname="tests.unit.test_factory" name="test_multiple_factories_same_context_different_particularities" time="568.695" /><testcase classname="tests.unit.test_factory" name="test_factory_with_sampling_plan_initialization" time="1080.219" /><testcase classname="tests.unit.test_factory" name="test_factory_population_size_constraints" time="734.935" /><testcase classname="tests.unit.test_factory" name="test_factory_name_uniqueness_across_factories" time="625.141" /><testcase classname="tests.unit.test_factory" name="test_factory_error_handling" time="0.005" /><testcase classname="tests.unit.test_factory" name="test_factory_complex_market_research_scenario" time="2677.866" /><testcase classname="tests.unit.test_factory" name="test_large_scale_generation_geographic_regions" time="19975.814" /><testcase classname="tests.unit.test_grounding" name="test_grounding_connector_abstract" time="0.039" /><testcase classname="tests.unit.test_grounding" name="test_local_files_grounding_connector" time="2.600" /><testcase classname="tests.unit.test_grounding" name="test_local_files_grounding_connector_empty_folder" time="0.005" /><testcase classname="tests.unit.test_grounding" name="test_web_pages_grounding_connector" time="0.001" /><testcase classname="tests.unit.test_grounding" name="test_base_semantic_grounding_connector" time="0.001" /><testcase classname="tests.unit.test_grounding" name="test_grounding_connector_serialization" time="2.345" /><testcase classname="tests.unit.test_grounding" name="test_grounding_connector_integration_with_agent" time="1.153" /><testcase classname="tests.unit.test_grounding" name="test_grounding_connector_error_handling" time="0.003" /><testcase classname="tests.unit.test_grounding" name="test_grounding_connector_search_edge_cases" time="2.133" /><testcase classname="tests.unit.test_in_place_experiment_runner" name="test_experiment_runner_initialization" time="0.004" /><testcase classname="tests.unit.test_in_place_experiment_runner" name="test_experiment_runner_add_experiment" time="0.012" /><testcase classname="tests.unit.test_in_place_experiment_runner" name="test_experiment_runner_activate_next_experiment" time="0.014" /><testcase classname="tests.unit.test_in_place_experiment_runner" name="test_experiment_runner_get_current_experiment" time="0.007" /><testcase classname="tests.unit.test_in_place_experiment_runner" name="test_experiment_runner_finish_experiment" time="0.012" /><testcase classname="tests.unit.test_in_place_experiment_runner" name="test_experiment_runner_all_experiments_finished" time="0.022" /><testcase classname="tests.unit.test_in_place_experiment_runner" name="test_experiment_runner_config_persistence" time="0.045" /><testcase classname="tests.unit.test_in_place_experiment_runner" name="test_experiment_runner_empty_experiments" time="0.007" /><testcase classname="tests.unit.test_in_place_experiment_runner" name="test_experiment_runner_get_experiment_condition" time="0.011" /><testcase classname="tests.unit.test_in_place_experiment_runner" name="test_experiment_runner_statistical_analysis" time="0.008" /><testcase classname="tests.unit.test_in_place_experiment_runner" name="test_experiment_runner_error_handling" time="0.012" /><testcase classname="tests.unit.test_in_place_experiment_runner" name="test_experiment_runner_config_format" time="0.065" /><testcase classname="tests.unit.test_in_place_experiment_runner" name="test_experiment_runner_jupyter_integration" time="0.007" /><testcase classname="tests.unit.test_in_place_experiment_runner" name="test_experiment_runner_concurrent_access" time="0.042" /><testcase classname="tests.unit.test_intervention" name="test_intervention_1" time="263.252" /><testcase classname="tests.unit.test_intervention" name="test_intervention_batch_creation" time="0.028" /><testcase classname="tests.unit.test_intervention" name="test_intervention_batch_settings" time="0.012" /><testcase classname="tests.unit.test_intervention" name="test_intervention_batch_iteration" time="0.013" /><testcase classname="tests.unit.test_intervention" name="test_intervention_batch_in_world" time="331.334" /><testcase classname="tests.unit.test_llm_chat.TestLLMChat" name="test_initialization" time="0.001" /><testcase classname="tests.unit.test_llm_chat.TestLLMChat" name="test_initialization_with_templates" time="0.001" /><testcase classname="tests.unit.test_llm_chat.TestLLMChat" name="test_initialization_validation_errors" time="0.001" /><testcase classname="tests.unit.test_llm_chat.TestLLMChat" name="test_initialization_with_configuration_options" time="0.001" /><testcase classname="tests.unit.test_llm_chat.TestLLMChat" name="test_simple_call" time="9.952" /><testcase classname="tests.unit.test_llm_chat.TestLLMChat" name="test_multi_turn_conversation" time="14.766" /><testcase classname="tests.unit.test_llm_chat.TestLLMChat" name="test_continue_conversation" time="0.736" /><testcase classname="tests.unit.test_llm_chat.TestLLMChat" name="test_reset_conversation" time="4.158" /><testcase classname="tests.unit.test_llm_chat.TestLLMChat" name="test_add_messages" time="8.652" /><testcase classname="tests.unit.test_llm_chat.TestLLMChat" name="test_bool_output" time="6.832" /><testcase classname="tests.unit.test_llm_chat.TestLLMChat" name="test_int_output" time="4.316" /><testcase classname="tests.unit.test_llm_chat.TestLLMChat" name="test_float_output" time="6.763" /><testcase classname="tests.unit.test_llm_chat.TestLLMChat" name="test_enum_output" time="12.610" /><testcase classname="tests.unit.test_llm_chat.TestLLMChat" name="test_dict_output" time="12.567" /><testcase classname="tests.unit.test_llm_chat.TestLLMChat" name="test_list_output" time="12.194" /><testcase classname="tests.unit.test_llm_chat.TestLLMChat" name="test_pydantic_model_output" time="3.686" /><testcase classname="tests.unit.test_llm_chat.TestLLMChat" name="test_coerce_to_bool_valid_inputs" time="0.003" /><testcase classname="tests.unit.test_llm_chat.TestLLMChat" name="test_coerce_to_bool_invalid_inputs" time="0.001" /><testcase classname="tests.unit.test_llm_chat.TestLLMChat" name="test_coerce_to_integer_valid_inputs" time="0.001" /><testcase classname="tests.unit.test_llm_chat.TestLLMChat" name="test_coerce_to_integer_invalid_inputs" time="0.001" /><testcase classname="tests.unit.test_llm_chat.TestLLMChat" name="test_coerce_to_float_valid_inputs" time="0.001" /><testcase classname="tests.unit.test_llm_chat.TestLLMChat" name="test_coerce_to_float_invalid_inputs" time="0.001" /><testcase classname="tests.unit.test_llm_chat.TestLLMChat" name="test_coerce_to_enumerable_valid_inputs" time="0.001" /><testcase classname="tests.unit.test_llm_chat.TestLLMChat" name="test_coerce_to_enumerable_invalid_inputs" time="0.001" /><testcase classname="tests.unit.test_llm_chat.TestLLMChat" name="test_coerce_to_dict_or_list_valid_inputs" time="0.001" /><testcase classname="tests.unit.test_llm_chat.TestLLMChat" name="test_coerce_to_dict_or_list_invalid_inputs" time="0.004" /><testcase classname="tests.unit.test_llm_chat.TestLLMChat" name="test_coerce_to_list_valid_inputs" time="0.002" /><testcase classname="tests.unit.test_llm_chat.TestLLMChat" name="test_coerce_to_list_invalid_inputs" time="0.001" /><testcase classname="tests.unit.test_llm_chat.TestLLMChat" name="test_call_with_mock_response" time="0.007" /><testcase classname="tests.unit.test_llm_chat.TestLLMChat" name="test_call_with_json_output_and_justification" time="0.019" /><testcase classname="tests.unit.test_llm_chat.TestLLMChat" name="test_call_with_reasoning_step" time="0.009" /><testcase classname="tests.unit.test_llm_chat.TestLLMChat" name="test_call_error_handling" time="0.005" /><testcase classname="tests.unit.test_llm_chat.TestLLMChat" name="test_call_with_invalid_response_format" time="0.004" /><testcase classname="tests.unit.test_llm_chat.TestLLMChat" name="test_add_user_message_validation" time="0.002" /><testcase classname="tests.unit.test_llm_chat.TestLLMChat" name="test_add_system_message_validation" time="0.002" /><testcase classname="tests.unit.test_llm_chat.TestLLMChat" name="test_add_assistant_message_validation" time="0.001" /><testcase classname="tests.unit.test_llm_chat.TestLLMChat" name="test_unsupported_output_type" time="0.002" /><testcase classname="tests.unit.test_llm_chat.TestLLMChat" name="test_method_chaining" time="0.001" /><testcase classname="tests.unit.test_llm_chat.TestLLMChat" name="test_conversation_history_tracking" time="0.001" /><testcase classname="tests.unit.test_llm_chat.TestLLMChat" name="test_response_state_tracking" time="0.001" /><testcase classname="tests.unit.test_llm_chat.TestLLMChat" name="test_callable_interface" time="0.002" /><testcase classname="tests.unit.test_llm_chat.TestLLMChat" name="test_request_message_methods" time="0.002" /><testcase classname="tests.unit.test_llm_chat.TestLLMPydanticModels" name="test_llm_scalar_with_justification_response" time="0.001" /><testcase classname="tests.unit.test_llm_chat.TestLLMPydanticModels" name="test_llm_scalar_with_justification_and_reasoning_response" time="0.001" /><testcase classname="tests.unit.test_llm_chat.TestLLMPydanticModels" name="test_pydantic_model_validation" time="0.003" /><testcase classname="tests.unit.test_memory.TestTinyMemory" name="test_preprocess_value_for_storage_default" time="0.001" /><testcase classname="tests.unit.test_memory.TestTinyMemory" name="test_filter_by_item_type" time="0.002" /><testcase classname="tests.unit.test_memory.TestTinyMemory" name="test_filter_by_item_types" time="0.001" /><testcase classname="tests.unit.test_memory.TestTinyMemory" name="test_store_all" time="0.003" /><testcase classname="tests.unit.test_memory.TestEpisodicMemory" name="test_init" time="0.001" /><testcase classname="tests.unit.test_memory.TestEpisodicMemory" name="test_store_and_commit_episode" time="0.001" /><testcase classname="tests.unit.test_memory.TestEpisodicMemory" name="test_get_current_episode" time="0.002" /><testcase classname="tests.unit.test_memory.TestEpisodicMemory" name="test_count" time="0.001" /><testcase classname="tests.unit.test_memory.TestEpisodicMemory" name="test_clear" time="0.003" /><testcase classname="tests.unit.test_memory.TestEpisodicMemory" name="test_retrieve_first_and_last" time="0.002" /><testcase classname="tests.unit.test_memory.TestEpisodicMemory" name="test_retrieve_all" time="0.001" /><testcase classname="tests.unit.test_memory.TestEpisodicMemory" name="test_retrieve_recent" time="0.001" /><testcase classname="tests.unit.test_memory.TestEpisodicMemory" name="test_retrieve_with_first_and_last_n" time="0.001" /><testcase classname="tests.unit.test_memory.TestEpisodicMemory" name="test_retrieve_relevant_not_implemented" time="0.001" /><testcase classname="tests.unit.test_memory.TestSemanticMemory" name="test_init" time="0.001" /><testcase classname="tests.unit.test_memory.TestSemanticMemory" name="test_preprocess_value_for_storage" time="0.003" /><testcase classname="tests.unit.test_memory.TestSemanticMemory" name="test_store" time="0.004" /><testcase classname="tests.unit.test_memory.TestSemanticMemory" name="test_store_large_values" time="8.628" /><testcase classname="tests.unit.test_memory.TestSemanticMemory" name="test_retrieve_relevant" time="0.002" /><testcase classname="tests.unit.test_memory.TestSemanticMemory" name="test_retrieve_all" time="0.004" /><testcase classname="tests.unit.test_memory.TestSemanticMemory" name="test_retrieve_all_with_json_error" time="0.003" /><testcase classname="tests.unit.test_memory.TestSemanticMemory" name="test_build_document_from" time="0.001" /><testcase classname="tests.unit.test_memory.TestSemanticMemory" name="test_build_documents_from" time="0.001" /><testcase classname="tests.unit.test_memory.TestMemoryProcessor" name="test_process_not_implemented" time="0.001" /><testcase classname="tests.unit.test_memory.TestMemoryProcessor" name="test_count_memory_content_words" time="0.001" /><testcase classname="tests.unit.test_memory.TestEpisodicConsolidator" name="test_inheritance" time="0.001" /><testcase classname="tests.unit.test_memory.TestEpisodicConsolidator" name="test_process_small_batch" time="0.003" /><testcase classname="tests.unit.test_memory.TestEpisodicConsolidator" name="test_process_large_batch" time="0.003" /><testcase classname="tests.unit.test_memory.TestEpisodicConsolidator" name="test_consolidate_method_structure" time="0.001" /><testcase classname="tests.unit.test_memory.TestReflectionConsolidator" name="test_inheritance" time="0.001" /><testcase classname="tests.unit.test_memory.TestReflectionConsolidator" name="test_process_method_exists" time="0.001" /><testcase classname="tests.unit.test_memory.TestMemoryIntegration" name="test_memory_consolidation_workflow" time="0.486" /><testcase classname="tests.unit.test_memory.TestMemoryIntegration" name="test_memory_filtering_across_types" time="1.845" /><testcase classname="tests.unit.test_normalizer.TestNormalizer" name="test_normalizer_initialization" time="12.282" /><testcase classname="tests.unit.test_normalizer.TestNormalizer" name="test_normalizer_deduplication" time="5.697" /><testcase classname="tests.unit.test_normalizer.TestNormalizer" name="test_normalizer_basic_clustering" time="6.888" /><testcase classname="tests.unit.test_normalizer.TestNormalizer" name="test_normalizer_respects_n_limit" time="52.182" /><testcase classname="tests.unit.test_normalizer.TestNormalizer" name="test_comma_preservation_robustness" time="40.908" /><testcase classname="tests.unit.test_normalizer.TestNormalizer" name="test_normalizer_handles_special_characters" time="35.355" /><testcase classname="tests.unit.test_normalizer.TestNormalizer" name="test_normalize_single_element" time="9.554" /><testcase classname="tests.unit.test_normalizer.TestNormalizer" name="test_normalize_list_of_elements" time="9.428" /><testcase classname="tests.unit.test_normalizer.TestNormalizer" name="test_normalize_caching" time="8.759" /><testcase classname="tests.unit.test_normalizer.TestNormalizer" name="test_normalize_error_handling" time="4.661" /><testcase classname="tests.unit.test_normalizer.TestNormalizer" name="test_normalizer_with_max_length" time="13.362" /><testcase classname="tests.unit.test_normalizer.TestNormalizer" name="test_normalizer_empty_elements" time="8.704" /><testcase classname="tests.unit.test_normalizer.TestNormalizer" name="test_normalizer_n_greater_than_elements" time="4.927" /><testcase classname="tests.unit.test_normalizer.TestNormalizer" name="test_normalizer_n_equals_one" time="4.610" /><testcase classname="tests.unit.test_normalizer.TestNormalizer" name="test_semantic_clustering_quality" time="16.581" /><testcase classname="tests.unit.test_normalizer.TestNormalizer" name="test_normalizer_workflow" time="28.090" /><testcase classname="tests.unit.test_normalizer.TestNormalizer" name="test_normalized_mapping_fallback" time="3.957" /><testcase classname="tests.unit.test_normalizer.TestNormalizer" name="test_debug_output" time="9.050" /><testcase classname="tests.unit.test_profiling.TestProfiler" name="test_profiler_initialization" time="0.001" /><testcase classname="tests.unit.test_profiling.TestProfiler" name="test_profiler_custom_attributes" time="0.001" /><testcase classname="tests.unit.test_profiling.TestProfiler" name="test_get_nested_attribute" time="0.004" /><testcase classname="tests.unit.test_profiling.TestProfiler" name="test_compute_attribute_distribution" time="0.013" /><testcase classname="tests.unit.test_profiling.TestProfiler" name="test_compute_attribute_distribution_nested" time="0.006" /><testcase classname="tests.unit.test_profiling.TestProfiler" name="test_basic_profiling" time="0.008" /><testcase classname="tests.unit.test_profiling.TestProfiler" name="test_advanced_profiling" time="0.071" /><testcase classname="tests.unit.test_profiling.TestProfiler" name="test_demographics_analysis" time="0.002" /><testcase classname="tests.unit.test_profiling.TestProfiler" name="test_correlation_analysis" time="0.005" /><testcase classname="tests.unit.test_profiling.TestProfiler" name="test_diversity_index_calculation" time="0.002" /><testcase classname="tests.unit.test_profiling.TestProfiler" name="test_connectivity_categorization" time="0.002" /><testcase classname="tests.unit.test_profiling.TestProfiler" name="test_normality_test" time="0.003" /><testcase classname="tests.unit.test_profiling.TestProfiler" name="test_dominant_traits_identification" time="0.004" /><testcase classname="tests.unit.test_profiling.TestProfiler" name="test_summary_statistics_generation" time="0.001" /><testcase classname="tests.unit.test_profiling.TestProfiler" name="test_export_analysis_report" time="0.080" /><testcase classname="tests.unit.test_profiling.TestProfiler" name="test_add_custom_analysis" time="0.001" /><testcase classname="tests.unit.test_profiling.TestProfiler" name="test_compare_populations" time="0.064" /><testcase classname="tests.unit.test_profiling.TestProfiler" name="test_plotting_functions" time="5.099" /><testcase classname="tests.unit.test_profiling.TestProfiler" name="test_error_handling_empty_data" time="0.008" /><testcase classname="tests.unit.test_profiling.TestProfiler" name="test_mixed_data_types" time="0.012" /><testcase classname="tests.unit.test_profiling.TestProfiler" name="test_tinyperson_integration" time="167.714" /><testcase classname="tests.unit.test_profiling.TestProfiler" name="test_large_population_performance" time="0.074" /><testcase classname="tests.unit.test_profiling.TestProfiler" name="test_comma_preservation_in_profiling" time="32.833" /><testcase classname="tests.unit.test_results_extractor" name="test_results_extractor_initialization" time="0.003" /><testcase classname="tests.unit.test_results_extractor" name="test_results_extractor_cache_initialization" time="0.002" /><testcase classname="tests.unit.test_results_extractor" name="test_results_extractor_extract_from_agent" time="43.002" /><testcase classname="tests.unit.test_results_extractor" name="test_results_extractor_extract_from_multiple_agents" time="96.902" /><testcase classname="tests.unit.test_results_extractor" name="test_results_extractor_extract_from_world" time="105.026" /><testcase classname="tests.unit.test_results_extractor" name="test_results_extractor_default_value_handling" time="0.002" /><testcase classname="tests.unit.test_results_extractor" name="test_results_extractor_with_fields_and_hints" time="32.317" /><testcase classname="tests.unit.test_results_extractor" name="test_results_extractor_empty_interactions" time="5.360" /><testcase classname="tests.unit.test_results_extractor" name="test_results_extractor_invalid_json_response" time="0.017" /><testcase classname="tests.unit.test_results_extractor" name="test_results_extractor_api_failure" time="0.022" /><testcase classname="tests.unit.test_results_extractor" name="test_results_extractor_verbose_mode" time="38.489" /><testcase classname="tests.unit.test_results_extractor" name="test_results_extractor_cache_persistence" time="8.734" /><testcase classname="tests.unit.test_results_extractor" name="test_results_extractor_template_path" time="0.001" /><testcase classname="tests.unit.test_results_extractor" name="test_results_extractor_custom_template_path" time="0.001" /><testcase classname="tests.unit.test_results_reducer" name="test_results_reducer_initialization" time="0.005" /><testcase classname="tests.unit.test_results_reducer" name="test_results_reducer_add_reduction_rule" time="0.002" /><testcase classname="tests.unit.test_results_reducer" name="test_results_reducer_duplicate_rule_error" time="0.002" /><testcase classname="tests.unit.test_results_reducer" name="test_results_reducer_reduce_agent_empty" time="0.011" /><testcase classname="tests.unit.test_results_reducer" name="test_results_reducer_reduce_agent_with_rules" time="22.084" /><testcase classname="tests.unit.test_results_reducer" name="test_results_reducer_reduce_agent_to_dataframe" time="19.805" /><testcase classname="tests.unit.test_results_reducer" name="test_results_reducer_rule_function_parameters" time="0.013" /><testcase classname="tests.unit.test_results_reducer" name="test_results_reducer_rule_returns_none" time="0.022" /><testcase classname="tests.unit.test_results_reducer" name="test_results_reducer_multiple_event_types" time="16.860" /><testcase classname="tests.unit.test_results_reducer" name="test_results_reducer_agent_name_resolution" time="0.022" /><testcase classname="tests.unit.test_results_reducer" name="test_results_reducer_system_message_handling" time="23.945" /><testcase classname="tests.unit.test_results_reducer" name="test_results_reducer_malformed_message_handling" time="0.016" /><testcase classname="tests.unit.test_results_reducer" name="test_results_reducer_dataframe_column_names" time="0.017" /><testcase classname="tests.unit.test_results_reducer" name="test_results_reducer_large_dataset_performance" time="97.132" /><testcase classname="tests.unit.test_results_reporter" name="test_report_from_agents" time="510.583" /><testcase classname="tests.unit.test_results_reporter" name="test_report_from_interactions" time="226.831" /><testcase classname="tests.unit.test_results_reporter" name="test_report_from_data" time="100.772" /><testcase classname="tests.unit.test_results_reporter" name="test_requirements_parameter" time="237.941" /><testcase classname="tests.unit.test_results_reporter" name="test_display_and_save_report" time="39.401" /><testcase classname="tests.unit.test_results_reporter" name="test_report_caching" time="43.713" /><testcase classname="tests.unit.test_results_reporter" name="test_error_handling" time="0.003" /><testcase classname="tests.unit.test_simulation_validator" name="test_simulation_experiment_dataset" time="0.005" /><testcase classname="tests.unit.test_simulation_validator" name="test_statistical_validation" time="0.016" /><testcase classname="tests.unit.test_simulation_validator" name="test_semantic_validation" time="72.725" /><testcase classname="tests.unit.test_simulation_validator" name="test_combined_validation" time="60.594" /><testcase classname="tests.unit.test_simulation_validator" name="test_error_handling" time="0.001" /><testcase classname="tests.unit.test_simulation_validator" name="test_missing_data_handling" time="0.001" /><testcase classname="tests.unit.test_simulation_validator" name="test_statistical_validation_with_missing_data" time="0.009" /><testcase classname="tests.unit.test_simulation_validator" name="test_statistical_equivalence" time="0.007" /><testcase classname="tests.unit.test_simulation_validator" name="test_near_equivalent_data" time="0.009" /><testcase classname="tests.unit.test_simulation_validator" name="test_clearly_different_data" time="0.009" /><testcase classname="tests.unit.test_simulation_validator" name="test_mixed_equivalence_results" time="0.015" /><testcase classname="tests.unit.test_simulation_validator" name="test_treatment_equivalent_to_control" time="0.008" /><testcase classname="tests.unit.test_simulation_validator" name="test_treatment_slightly_different_from_control" time="0.009" /><testcase classname="tests.unit.test_simulation_validator" name="test_treatment_very_different_from_control" time="0.008" /><testcase classname="tests.unit.test_simulation_validator" name="test_semantic_equivalence_check" time="49.980" /><testcase classname="tests.unit.test_simulation_validator" name="test_combined_validation_equivalence" time="57.102" /><testcase classname="tests.unit.test_simulation_validator" name="test_ks_test_functionality" time="0.010" /><testcase classname="tests.unit.test_simulation_validator" name="test_ks_vs_ttest_comparison" time="0.010" /><testcase classname="tests.unit.test_simulation_validator" name="test_ks_test_categorical_responses" time="0.007" /><testcase classname="tests.unit.test_simulation_validator" name="test_ks_test_report_generation" time="0.005" /><testcase classname="tests.unit.test_simulation_validator" name="test_ks_test_identical_distributions" time="0.007" /><testcase classname="tests.unit.test_simulation_validator" name="test_ks_test_completely_different_distributions" time="0.006" /><testcase classname="tests.unit.test_simulation_validator" name="test_all_statistical_test_types" time="0.214" /><testcase classname="tests.unit.test_simulation_validator" name="test_categorical_data_basic" time="0.002" /><testcase classname="tests.unit.test_simulation_validator" name="test_categorical_data_normalization" time="0.002" /><testcase classname="tests.unit.test_simulation_validator" name="test_categorical_data_with_none" time="0.003" /><testcase classname="tests.unit.test_simulation_validator" name="test_categorical_conversion_methods" time="0.004" /><testcase classname="tests.unit.test_simulation_validator" name="test_categorical_ks_test" time="0.010" /><testcase classname="tests.unit.test_simulation_validator" name="test_categorical_report_generation" time="0.018" /><testcase classname="tests.unit.test_simulation_validator" name="test_mixed_categorical_numeric_data" time="0.004" /><testcase classname="tests.unit.test_simulation_validator" name="test_categorical_edge_cases" time="0.003" /><testcase classname="tests.unit.test_simulation_validator" name="test_ordinal_data_basic" time="0.003" /><testcase classname="tests.unit.test_simulation_validator" name="test_ordinal_data_string_based" time="0.003" /><testcase classname="tests.unit.test_simulation_validator" name="test_ranking_data" time="0.002" /><testcase classname="tests.unit.test_simulation_validator" name="test_count_data" time="0.002" /><testcase classname="tests.unit.test_simulation_validator" name="test_count_data_validation" time="0.003" /><testcase classname="tests.unit.test_simulation_validator" name="test_proportion_data" time="0.003" /><testcase classname="tests.unit.test_simulation_validator" name="test_binary_data" time="0.031" /><testcase classname="tests.unit.test_simulation_validator" name="test_auto_data_type_detection" time="0.005" /><testcase classname="tests.unit.test_simulation_validator" name="test_mixed_data_types_validation" time="0.065" /><testcase classname="tests.unit.test_simulation_validator" name="test_data_type_edge_cases" time="0.003" /><testcase classname="tests.unit.test_simulation_validator" name="test_ordinal_ranking_comparison" time="0.009" /><testcase classname="tests.unit.test_simulation_validator" name="test_comprehensive_data_type_report" time="0.038" /><testcase classname="tests.unit.test_simulation_validator" name="test_csv_reading_single_value_per_agent" time="0.045" /><testcase classname="tests.unit.test_simulation_validator" name="test_csv_reading_ranking_per_agent" time="0.039" /><testcase classname="tests.unit.test_simulation_validator" name="test_csv_reading_error_handling" time="0.038" /><testcase classname="tests.unit.test_simulation_validator" name="test_csv_reading_with_missing_data" time="0.041" /><testcase classname="tests.unit.test_simulation_validator" name="test_csv_reading_convenience_method" time="0.036" /><testcase classname="tests.unit.test_simulation_validator" name="test_csv_reading_ordinal_ranking_per_agent" time="0.043" /><testcase classname="tests.unit.test_simulation_validator" name="test_csv_reading_ordinal_ranking_auto_detection" time="0.056" /><testcase classname="tests.unit.test_simulation_validator" name="test_csv_reading_ordinal_ranking_error_handling" time="0.037" /><testcase classname="tests.unit.test_simulation_validator" name="test_csv_reading_ordinal_ranking_custom_separator" time="0.127" /><testcase classname="tests.unit.test_simulation_validator" name="test_csv_reading_explicit_data_types" time="0.108" /><testcase classname="tests.unit.test_statistical_tests" name="test_statistical_tester_initialization" time="0.002" /><testcase classname="tests.unit.test_statistical_tests" name="test_statistical_tester_initialization_with_results_key" time="0.002" /><testcase classname="tests.unit.test_statistical_tests" name="test_statistical_tester_validation_errors" time="0.004" /><testcase classname="tests.unit.test_statistical_tests" name="test_statistical_tester_metric_validation" time="0.014" /><testcase classname="tests.unit.test_statistical_tests" name="test_statistical_tester_welch_t_test" time="0.013" /><testcase classname="tests.unit.test_statistical_tests" name="test_statistical_tester_t_test" time="0.003" /><testcase classname="tests.unit.test_statistical_tests" name="test_statistical_tester_mann_whitney" time="0.158" /><testcase classname="tests.unit.test_statistical_tests" name="test_statistical_tester_anova" time="0.003" /><testcase classname="tests.unit.test_statistical_tests" name="test_statistical_tester_chi_square" time="0.001" /><testcase classname="tests.unit.test_statistical_tests" name="test_statistical_tester_unsupported_test" time="0.001" /><testcase classname="tests.unit.test_statistical_tests" name="test_statistical_tester_missing_metrics" time="0.003" /><testcase classname="tests.unit.test_statistical_tests" name="test_statistical_tester_empty_values" time="0.004" /><testcase classname="tests.unit.test_statistical_tests" name="test_statistical_tester_multiple_treatments" time="0.011" /><testcase classname="tests.unit.test_statistical_tests" name="test_statistical_tester_alpha_parameter" time="0.008" /><testcase classname="tests.unit.test_statistical_tests" name="test_statistical_tester_numerical_precision" time="0.007" /><testcase classname="tests.unit.test_statistical_tests" name="test_statistical_tester_warning_logging" time="0.005" /><testcase classname="tests.unit.test_statistical_tests" name="test_statistical_testing_comprehensive_scenarios" time="1.999" /><testcase classname="tests.unit.test_statistical_tests" name="test_statistical_testing_edge_cases" time="0.004" /><testcase classname="tests.unit.test_statistical_tests" name="test_statistical_results_correctness" time="0.003" /><testcase classname="tests.unit.test_statistical_tests" name="test_welch_t_test_mathematical_accuracy" time="0.004" /><testcase classname="tests.unit.test_statistical_tests" name="test_mann_whitney_mathematical_accuracy" time="0.179" /><testcase classname="tests.unit.test_statistical_tests" name="test_effect_size_validation" time="0.007" /><testcase classname="tests.unit.test_statistical_tests" name="test_statistical_power_scenarios" time="0.004" /><testcase classname="tests.unit.test_statistical_tests" name="test_type_i_error_control" time="0.215" /><testcase classname="tests.unit.test_statistical_tests" name="test_multiple_comparisons_handling" time="0.005" /><testcase classname="tests.unit.test_statistical_tests" name="test_statistical_means_and_effect_sizes" time="0.002" /><testcase classname="tests.unit.test_statistical_tests" name="test_confidence_intervals_coverage" time="0.002" /><testcase classname="tests.unit.test_statistical_tests" name="test_p_value_directional_consistency" time="0.005" /><testcase classname="tests.unit.test_statistical_tests" name="test_mann_whitney_rank_based_correctness" time="0.143" /><testcase classname="tests.unit.test_statistical_tests" name="test_anova_multiple_group_comparison" time="0.002" /><testcase classname="tests.unit.test_statistical_tests" name="test_debug_mann_whitney_cles" time="0.105" /><testcase classname="tests.unit.test_statistical_tests" name="test_mann_whitney_small_sample_limitations" time="0.165" /><testcase classname="tests.unit.test_story" name="test_story_start" time="12.504" /><testcase classname="tests.unit.test_story" name="test_story_start_2" time="17.974" /><testcase classname="tests.unit.test_story" name="test_story_continuation" time="95.648" /><testcase classname="tests.unit.test_tiny_social_network" name="test_tiny_social_network_initialization" time="0.002" /><testcase classname="tests.unit.test_tiny_social_network" name="test_tiny_social_network_add_relation" time="0.023" /><testcase classname="tests.unit.test_tiny_social_network" name="test_tiny_social_network_multiple_relations" time="0.033" /><testcase classname="tests.unit.test_tiny_social_network" name="test_tiny_social_network_is_in_relation_with" time="0.036" /><testcase classname="tests.unit.test_tiny_social_network" name="test_tiny_social_network_agent_accessibility" time="0.049" /><testcase classname="tests.unit.test_tiny_social_network" name="test_tiny_social_network_reach_out_action" time="0.042" /><testcase classname="tests.unit.test_tiny_social_network" name="test_tiny_social_network_step_function" time="1.110" /><testcase classname="tests.unit.test_tiny_social_network" name="test_tiny_social_network_serialization" time="0.022" /><testcase classname="tests.unit.test_tiny_social_network" name="test_tiny_social_network_chaining" time="0.033" /><testcase classname="tests.unit.test_tiny_social_network" name="test_tiny_social_network_edge_cases" time="0.022" /><testcase classname="tests.unit.test_tiny_social_network" name="test_tiny_social_network_empty_relations" time="0.719" /><testcase classname="tests.unit.test_tiny_social_network" name="test_tiny_social_network_nonexistent_relation_check" time="0.023" /><testcase classname="tests.unit.test_tiny_social_network" name="test_tiny_social_network_large_scale" time="0.017" /><testcase classname="tests.unit.test_tiny_styler" name="test_apply_style" time="21.951" /><testcase classname="tests.unit.test_tiny_styler" name="test_apply_style_with_different_styles" time="47.725" /><testcase classname="tests.unit.test_tiny_styler" name="test_context_cache_usage" time="23.052" /><testcase classname="tests.unit.test_tiny_styler" name="test_temperature_parameter" time="19.766" /><testcase classname="tests.unit.test_tiny_tool" name="test_tiny_tool_initialization" time="0.120" /><testcase classname="tests.unit.test_tiny_tool" name="test_tiny_tool_ownership" time="0.045" /><testcase classname="tests.unit.test_tiny_tool" name="test_tiny_tool_real_world_side_effects" time="0.012" /><testcase classname="tests.unit.test_tiny_tool" name="test_tiny_tool_action_processing" time="0.014" /><testcase classname="tests.unit.test_tiny_tool" name="test_tiny_tool_prompts" time="0.002" /><testcase classname="tests.unit.test_tiny_tool" name="test_tiny_tool_serialization" time="0.003" /><testcase classname="tests.unit.test_tiny_tool" name="test_tiny_tool_with_exporter_and_enricher" time="0.008" /><testcase classname="tests.unit.test_tiny_tool" name="test_tiny_tool_abstract_methods" time="0.008" /><testcase classname="tests.unit.test_tiny_tool" name="test_tiny_tool_edge_cases" time="0.008" /><testcase classname="tests.unit.test_tiny_tool" name="test_tiny_tool_multiple_agents" time="0.017" /><testcase classname="tests.unit.test_tinyperson" name="test_act" time="56.662" /><testcase classname="tests.unit.test_tinyperson" name="test_listen" time="0.022" /><testcase classname="tests.unit.test_tinyperson" name="test_define" time="0.026" /><testcase classname="tests.unit.test_tinyperson" name="test_define_several" time="0.030" /><testcase classname="tests.unit.test_tinyperson" name="test_socialize" time="36.405" /><testcase classname="tests.unit.test_tinyperson" name="test_see" time="61.842" /><testcase classname="tests.unit.test_tinyperson" name="test_think" time="53.945" /><testcase classname="tests.unit.test_tinyperson" name="test_internalize_goal" time="25.125"><failure message="AssertionError: Oscar should mention cats in the THINK action, since they internalized a goal about them.&#10;assert False&#10; +  where False = contains_action_content([{'action': {'content': &quot;I should turn this internal goal into a short, vivid poem. Keep it concise, use clean imagery...ng habits.'], 'emotions': 'Calm, amused, inspired.', 'goals': 'Compose and mentally refine a poem celebrating cats.'}}], 'cats')">setup = None

    def test_internalize_goal(setup):
        # Test that internalizing a goal works as expected
        for agent in [create_oscar_the_architect(), create_lisa_the_data_scientist()]:
            agent.internalize_goal("I want to compose in my head a wonderful poem about how cats are glorious creatures.")
            actions = agent.act(return_actions=True)
            assert len(actions) &gt;= 1, f"{agent.name} should have at least one action to perform."
            assert contains_action_type(actions, "THINK"), f"{agent.name} should have at least one THINK action to perform, since they internalized a goal."
&gt;           assert contains_action_content(actions, "cats"), f"{agent.name} should mention cats in the THINK action, since they internalized a goal about them."
E           AssertionError: Oscar should mention cats in the THINK action, since they internalized a goal about them.
E           assert False
E            +  where False = contains_action_content([{'action': {'content': "I should turn this internal goal into a short, vivid poem. Keep it concise, use clean imagery...ng habits.'], 'emotions': 'Calm, amused, inspired.', 'goals': 'Compose and mentally refine a poem celebrating cats.'}}], 'cats')

tests\unit\test_tinyperson.py:126: AssertionError</failure></testcase><testcase classname="tests.unit.test_tinyperson" name="test_move_to" time="0.038" /><testcase classname="tests.unit.test_tinyperson" name="test_change_context" time="0.034" /><testcase classname="tests.unit.test_tinyperson" name="test_save_specification" time="0.098" /><testcase classname="tests.unit.test_tinyperson" name="test_programmatic_definitions" time="56.328" /><testcase classname="tests.unit.test_tinyperson_extended" name="test_memory_operations" time="0.016" /><testcase classname="tests.unit.test_tinyperson_extended" name="test_mental_faculties" time="0.010" /><testcase classname="tests.unit.test_tinyperson_extended" name="test_agent_accessibility_management" time="0.047" /><testcase classname="tests.unit.test_tinyperson_extended" name="test_action_generation_and_flow" time="199.737" /><testcase classname="tests.unit.test_tinyperson_extended" name="test_relationship_management" time="0.024" /><testcase classname="tests.unit.test_tinyperson_extended" name="test_document_reading_capabilities" time="0.013" /><testcase classname="tests.unit.test_tinyperson_extended" name="test_web_document_reading" time="0.011"><skipped type="pytest.skip" message="Web access not available in test environment: 'SemanticMemory' object has no attribute 'add_web_url'">C:\Users\pdasilva\repos\TinyTroupe\tests\unit\test_tinyperson_extended.py:283: Web access not available in test environment: 'SemanticMemory' object has no attribute 'add_web_url'</skipped></testcase><testcase classname="tests.unit.test_tinyperson_extended" name="test_cognitive_state_management" time="0.026" /><testcase classname="tests.unit.test_tinyperson_extended" name="test_memory_retrieval_strategies" time="0.016" /><testcase classname="tests.unit.test_tinyperson_extended" name="test_persona_manipulation_edge_cases" time="0.062" /><testcase classname="tests.unit.test_tinyperson_extended" name="test_serialization_edge_cases" time="29.042" /><testcase classname="tests.unit.test_tinyperson_extended" name="test_communication_and_display" time="4.809" /><testcase classname="tests.unit.test_tinyperson_extended" name="test_action_buffer_management" time="159.960" /><testcase classname="tests.unit.test_tinyperson_extended" name="test_environment_interaction" time="171.082" /><testcase classname="tests.unit.test_tinyperson_extended" name="test_error_handling_robustness" time="60.534" /><testcase classname="tests.unit.test_tinyperson_extended" name="test_configuration_management" time="49.007" /><testcase classname="tests.unit.test_tinyperson_extended" name="test_performance_and_limits" time="268.878" /><testcase classname="tests.unit.test_tinyperson_extended" name="test_integration_scenarios" time="324.563" /><testcase classname="tests.unit.test_tinyperson_extended" name="test_advanced_memory_retrieval" time="0.025" /><testcase classname="tests.unit.test_tinyperson_extended" name="test_fragment_import_system" time="0.057" /><testcase classname="tests.unit.test_tinyperson_extended" name="test_complex_context_management" time="0.023" /><testcase classname="tests.unit.test_tinyperson_extended" name="test_multi_faculty_integration" time="267.617" /><testcase classname="tests.unit.test_tinyperson_extended" name="test_complex_accessibility_scenarios" time="0.106" /><testcase classname="tests.unit.test_tinyperson_extended" name="test_agent_error_handling_robustness" time="0.020" /><testcase classname="tests.unit.test_tinyperson_extended" name="test_agent_performance_and_limits" time="247.637" /><testcase classname="tests.unit.test_tinyworld" name="test_run" time="112.985" /><testcase classname="tests.unit.test_tinyworld" name="test_broadcast" time="47.805" /><testcase classname="tests.unit.test_tinyworld" name="test_encode_complete_state" time="0.026" /><testcase classname="tests.unit.test_tinyworld" name="test_decode_complete_state" time="0.042" /><testcase classname="tests.unit.test_utils" name="test_extract_json" time="0.006" /><testcase classname="tests.unit.test_utils" name="test_name_or_empty" time="0.002" /><testcase classname="tests.unit.test_utils" name="test_repeat_on_error" time="0.008" /><testcase classname="tests.unit.test_utils" name="test_llm_decorator" time="136.700" /><testcase classname="tests.unit.test_validation" name="test_validate_person" time="701.477" /></testsuite></testsuites>