<?xml version="1.0" encoding="utf-8"?><testsuites><testsuite name="pytest" errors="0" failures="0" skipped="0" tests="13" time="114.764" timestamp="2025-11-21T21:58:25.035805" hostname="LAPTOP-MGL2VFEC"><testcase classname="tests.unit.test_cost_tracking" name="test_openai_client_cost_tracking_methods_exist" time="0.003" /><testcase classname="tests.unit.test_cost_tracking" name="test_openai_client_get_cost_stats_structure" time="0.001" /><testcase classname="tests.unit.test_cost_tracking" name="test_openai_client_reset_cost_stats" time="0.001" /><testcase classname="tests.unit.test_cost_tracking" name="test_tinyworld_cost_tracking_methods_exist" time="0.007" /><testcase classname="tests.unit.test_cost_tracking" name="test_tinyworld_get_cost_stats_structure" time="0.001" /><testcase classname="tests.unit.test_cost_tracking" name="test_tinyworld_derivative_stats_calculation" time="0.001" /><testcase classname="tests.unit.test_cost_tracking" name="test_tinyworld_global_cost_stats_structure" time="0.001" /><testcase classname="tests.unit.test_cost_tracking" name="test_tinyperson_cost_tracking_methods_exist" time="0.001" /><testcase classname="tests.unit.test_cost_tracking" name="test_tinyperson_get_global_cost_stats_structure" time="0.002" /><testcase classname="tests.unit.test_cost_tracking" name="test_cost_tracking_with_minimal_simulation" time="16.426" /><testcase classname="tests.unit.test_cost_tracking" name="test_world_cost_tracking_with_simulation_steps" time="33.612" /><testcase classname="tests.unit.test_cost_tracking" name="test_derivative_stats_with_multiple_agents" time="22.585" /><testcase classname="tests.unit.test_cost_tracking" name="test_global_stats_aggregation" time="37.675" /></testsuite></testsuites>